<?xml version="1.0" encoding="UTF-8"?>
<testng-results skipped="0" failed="0" total="1" passed="1">
  <reporter-output>
  </reporter-output>
  <suite name="Default suite" duration-ms="109" started-at="2022-09-27T10:36:16Z" finished-at="2022-09-27T10:36:16Z">
    <groups>
    </groups>
    <test name="Default test" duration-ms="109" started-at="2022-09-27T10:36:16Z" finished-at="2022-09-27T10:36:16Z">
      <class name="GithubPackage.Update">
        <test-method status="PASS" signature="update()[pri:0, instance:GithubPackage.Update@66a3ffec]" name="update" duration-ms="28" started-at="2022-09-27T16:06:16Z" finished-at="2022-09-27T16:06:16Z">
          <reporter-output>
          </reporter-output>
        </test-method> <!-- update -->
      </class> <!-- GithubPackage.Update -->
    </test> <!-- Default test -->
  </suite> <!-- Default suite -->
</testng-results>
